<?xml version="1.0" encoding="UTF-8"?>
<testsuite xmlns:xsi="http://www.w3.org/2001/XMLSchema-instance" xsi:noNamespaceSchemaLocation="https://maven.apache.org/surefire/maven-surefire-plugin/xsd/surefire-test-report.xsd" version="3.0.2" name="TestSuite" time="28.283" tests="2" errors="0" skipped="0" failures="0">
  <properties>
[...]
</properties>
  <testcase name="verify_account_registration" classname="testCases.TC001_AccountRegistration" time="3.015">
    <system-err><![CDATA[SLF4J(W): No SLF4J providers were found.
SLF4J(W): Defaulting to no-operation (NOP) logger implementation
SLF4J(W): See https://www.slf4j.org/codes.html#noProviders for further details.
SLF4J(W): Class path contains SLF4J bindings targeting slf4j-api versions 1.7.x or earlier.
SLF4J(W): Ignoring binding found at [jar:file:/C:/Users/Akash/.m2/repository/org/apache/logging/log4j/log4j-slf4j-impl/2.25.0/log4j-slf4j-impl-2.25.0.jar!/org/slf4j/impl/StaticLoggerBinder.class]
SLF4J(W): See https://www.slf4j.org/codes.html#ignoredBindings for an explanation.
2025-07-14T08:45:55.662469Z main INFO Starting configuration XmlConfiguration[location=C:\Users\Akash\Selenium_Automation\target\test-classes\log4j2.xml, lastModified=2025-06-27T10:11:48.336Z]...
2025-07-14T08:45:55.665454500Z main INFO Configuration XmlConfiguration[location=C:\Users\Akash\Selenium_Automation\target\test-classes\log4j2.xml, lastModified=2025-06-27T10:11:48.336Z] started.
2025-07-14T08:45:55.667625800Z main INFO Stopping configuration org.apache.logging.log4j.core.config.DefaultConfiguration@28e8dde3...
2025-07-14T08:45:55.668622400Z main INFO Configuration org.apache.logging.log4j.core.config.DefaultConfiguration@28e8dde3 stopped.
Jul 14, 2025 2:15:57 PM org.openqa.selenium.devtools.CdpVersionFinder findNearestMatch
WARNING: Unable to find an exact match for CDP version 138, returning the closest version; found: 137; Please update to a Selenium version that supports CDP version 138
]]></system-err>
  </testcase>
  <testcase name="Verify_login" classname="testCases.TC002_LoginTest" time="2.584">
    <system-err><![CDATA[Jul 14, 2025 2:16:07 PM org.openqa.selenium.devtools.CdpVersionFinder findNearestMatch
WARNING: Unable to find an exact match for CDP version 138, returning the closest version; found: 137; Please update to a Selenium version that supports CDP version 138
]]></system-err>
  </testcase>
</testsuite>