<?xml version="1.0" encoding="UTF-8"?>
<testng-results ignored="0" total="2" passed="2" failed="0" skipped="0">
  <reporter-output>
  </reporter-output>
  <suite started-at="2025-07-14T14:15:54 IST" name="MasterSuite" finished-at="2025-07-14T14:16:19 IST" duration-ms="24151">
    <groups>
      <group name="Master">
        <method signature="TC001_AccountRegistration.verify_account_registration()[pri:0, instance:testCases.TC001_AccountRegistration@5158b42f]" name="verify_account_registration" class="testCases.TC001_AccountRegistration"/>
        <method signature="TC002_LoginTest.Verify_login()[pri:0, instance:testCases.TC002_LoginTest@478190fc]" name="Verify_login" class="testCases.TC002_LoginTest"/>
      </group> <!-- Master -->
      <group name="Regression">
        <method signature="TC002_LoginTest.Verify_login()[pri:0, instance:testCases.TC002_LoginTest@478190fc]" name="Verify_login" class="testCases.TC002_LoginTest"/>
      </group> <!-- Regression -->
      <group name="sanity">
        <method signature="TC001_AccountRegistration.verify_account_registration()[pri:0, instance:testCases.TC001_AccountRegistration@5158b42f]" name="verify_account_registration" class="testCases.TC001_AccountRegistration"/>
      </group> <!-- sanity -->
    </groups>
    <test started-at="2025-07-14T14:15:54 IST" name="Test" finished-at="2025-07-14T14:16:19 IST" duration-ms="24151">
      <class name="testCases.TC002_LoginTest">
        <test-method is-config="true" signature="setup(java.lang.String,java.lang.String)[pri:0, instance:testCases.TC002_LoginTest@478190fc]" started-at="2025-07-14T14:16:06 IST" name="setup" finished-at="2025-07-14T14:16:16 IST" duration-ms="10141" status="PASS">
          <params>
            <param index="0">
              <value>
                <![CDATA[windows]]>
              </value>
            </param>
            <param index="1">
              <value>
                <![CDATA[chrome]]>
              </value>
            </param>
          </params>
          <reporter-output>
          </reporter-output>
        </test-method> <!-- setup -->
        <test-method signature="Verify_login()[pri:0, instance:testCases.TC002_LoginTest@478190fc]" started-at="2025-07-14T14:16:16 IST" name="Verify_login" finished-at="2025-07-14T14:16:18 IST" duration-ms="2582" status="PASS">
          <reporter-output>
          </reporter-output>
        </test-method> <!-- Verify_login -->
        <test-method is-config="true" signature="tearDown()[pri:0, instance:testCases.TC002_LoginTest@478190fc]" started-at="2025-07-14T14:16:18 IST" name="tearDown" finished-at="2025-07-14T14:16:19 IST" duration-ms="328" status="PASS">
          <reporter-output>
          </reporter-output>
        </test-method> <!-- tearDown -->
      </class> <!-- testCases.TC002_LoginTest -->
      <class name="testCases.TC001_AccountRegistration">
        <test-method is-config="true" signature="setup(java.lang.String,java.lang.String)[pri:0, instance:testCases.TC001_AccountRegistration@5158b42f]" started-at="2025-07-14T14:15:55 IST" name="setup" finished-at="2025-07-14T14:16:02 IST" duration-ms="7380" status="PASS">
          <params>
            <param index="0">
              <value>
                <![CDATA[windows]]>
              </value>
            </param>
            <param index="1">
              <value>
                <![CDATA[chrome]]>
              </value>
            </param>
          </params>
          <reporter-output>
          </reporter-output>
        </test-method> <!-- setup -->
        <test-method signature="verify_account_registration()[pri:0, instance:testCases.TC001_AccountRegistration@5158b42f]" started-at="2025-07-14T14:16:02 IST" name="verify_account_registration" finished-at="2025-07-14T14:16:05 IST" duration-ms="2987" status="PASS">
          <reporter-output>
          </reporter-output>
        </test-method> <!-- verify_account_registration -->
        <test-method is-config="true" signature="tearDown()[pri:0, instance:testCases.TC001_AccountRegistration@5158b42f]" started-at="2025-07-14T14:16:05 IST" name="tearDown" finished-at="2025-07-14T14:16:06 IST" duration-ms="411" status="PASS">
          <reporter-output>
          </reporter-output>
        </test-method> <!-- tearDown -->
      </class> <!-- testCases.TC001_AccountRegistration -->
    </test> <!-- Test -->
  </suite> <!-- MasterSuite -->
</testng-results>
