<?xml version="1.0" encoding="UTF-8"?>
<testng-results ignored="0" total="3" passed="3" failed="0" skipped="0">
  <reporter-output>
  </reporter-output>
  <suite started-at="2025-07-14T17:38:19 IST" name="MasterSuite" finished-at="2025-07-14T17:38:49 IST" duration-ms="30304">
    <groups>
      <group name="Master">
        <method signature="TC001_AccountRegistration.verify_account_registration()[pri:0, instance:testCases.TC001_AccountRegistration@5afa3c9]" name="verify_account_registration" class="testCases.TC001_AccountRegistration"/>
        <method signature="TC002_LoginTest.Verify_login()[pri:0, instance:testCases.TC002_LoginTest@48075da3]" name="Verify_login" class="testCases.TC002_LoginTest"/>
        <method signature="TC004_Search.verify_search()[pri:0, instance:testCases.TC004_Search@68c9133c]" name="verify_search" class="testCases.TC004_Search"/>
      </group> <!-- Master -->
      <group name="Regression">
        <method signature="TC002_LoginTest.Verify_login()[pri:0, instance:testCases.TC002_LoginTest@48075da3]" name="Verify_login" class="testCases.TC002_LoginTest"/>
        <method signature="TC004_Search.verify_search()[pri:0, instance:testCases.TC004_Search@68c9133c]" name="verify_search" class="testCases.TC004_Search"/>
      </group> <!-- Regression -->
      <group name="sanity">
        <method signature="TC001_AccountRegistration.verify_account_registration()[pri:0, instance:testCases.TC001_AccountRegistration@5afa3c9]" name="verify_account_registration" class="testCases.TC001_AccountRegistration"/>
      </group> <!-- sanity -->
    </groups>
    <test started-at="2025-07-14T17:38:19 IST" name="Test" finished-at="2025-07-14T17:38:49 IST" duration-ms="30304">
      <class name="testCases.TC002_LoginTest">
        <test-method is-config="true" signature="setup(java.lang.String,java.lang.String)[pri:0, instance:testCases.TC002_LoginTest@48075da3]" started-at="2025-07-14T17:38:32 IST" name="setup" finished-at="2025-07-14T17:38:38 IST" duration-ms="6052" status="PASS">
          <params>
            <param index="0">
              <value>
                <![CDATA[windows]]>
              </value>
            </param>
            <param index="1">
              <value>
                <![CDATA[chrome]]>
              </value>
            </param>
          </params>
          <reporter-output>
          </reporter-output>
        </test-method> <!-- setup -->
        <test-method signature="Verify_login()[pri:0, instance:testCases.TC002_LoginTest@48075da3]" started-at="2025-07-14T17:38:38 IST" name="Verify_login" finished-at="2025-07-14T17:38:40 IST" duration-ms="1591" status="PASS">
          <reporter-output>
          </reporter-output>
        </test-method> <!-- Verify_login -->
        <test-method is-config="true" signature="tearDown()[pri:0, instance:testCases.TC002_LoginTest@48075da3]" started-at="2025-07-14T17:38:40 IST" name="tearDown" finished-at="2025-07-14T17:38:40 IST" duration-ms="261" status="PASS">
          <reporter-output>
          </reporter-output>
        </test-method> <!-- tearDown -->
      </class> <!-- testCases.TC002_LoginTest -->
      <class name="testCases.TC001_AccountRegistration">
        <test-method is-config="true" signature="setup(java.lang.String,java.lang.String)[pri:0, instance:testCases.TC001_AccountRegistration@5afa3c9]" started-at="2025-07-14T17:38:19 IST" name="setup" finished-at="2025-07-14T17:38:29 IST" duration-ms="9956" status="PASS">
          <params>
            <param index="0">
              <value>
                <![CDATA[windows]]>
              </value>
            </param>
            <param index="1">
              <value>
                <![CDATA[chrome]]>
              </value>
            </param>
          </params>
          <reporter-output>
          </reporter-output>
        </test-method> <!-- setup -->
        <test-method signature="verify_account_registration()[pri:0, instance:testCases.TC001_AccountRegistration@5afa3c9]" started-at="2025-07-14T17:38:29 IST" name="verify_account_registration" finished-at="2025-07-14T17:38:32 IST" duration-ms="2337" status="PASS">
          <reporter-output>
          </reporter-output>
        </test-method> <!-- verify_account_registration -->
        <test-method is-config="true" signature="tearDown()[pri:0, instance:testCases.TC001_AccountRegistration@5afa3c9]" started-at="2025-07-14T17:38:32 IST" name="tearDown" finished-at="2025-07-14T17:38:32 IST" duration-ms="334" status="PASS">
          <reporter-output>
          </reporter-output>
        </test-method> <!-- tearDown -->
      </class> <!-- testCases.TC001_AccountRegistration -->
      <class name="testCases.TC004_Search">
        <test-method is-config="true" signature="setup(java.lang.String,java.lang.String)[pri:0, instance:testCases.TC004_Search@68c9133c]" started-at="2025-07-14T17:38:40 IST" name="setup" finished-at="2025-07-14T17:38:45 IST" duration-ms="5162" status="PASS">
          <params>
            <param index="0">
              <value>
                <![CDATA[windows]]>
              </value>
            </param>
            <param index="1">
              <value>
                <![CDATA[chrome]]>
              </value>
            </param>
          </params>
          <reporter-output>
          </reporter-output>
        </test-method> <!-- setup -->
        <test-method signature="verify_search()[pri:0, instance:testCases.TC004_Search@68c9133c]" started-at="2025-07-14T17:38:45 IST" name="verify_search" finished-at="2025-07-14T17:38:49 IST" duration-ms="3769" status="PASS">
          <reporter-output>
          </reporter-output>
        </test-method> <!-- verify_search -->
        <test-method is-config="true" signature="tearDown()[pri:0, instance:testCases.TC004_Search@68c9133c]" started-at="2025-07-14T17:38:49 IST" name="tearDown" finished-at="2025-07-14T17:38:49 IST" duration-ms="233" status="PASS">
          <reporter-output>
          </reporter-output>
        </test-method> <!-- tearDown -->
      </class> <!-- testCases.TC004_Search -->
    </test> <!-- Test -->
  </suite> <!-- MasterSuite -->
</testng-results>
