<?xml version="1.0" encoding="UTF-8"?>
<testng-results ignored="0" total="4" passed="4" failed="0" skipped="0">
  <reporter-output>
  </reporter-output>
  <suite started-at="2025-07-15T11:46:05 IST" name="MasterSuite" finished-at="2025-07-15T11:46:36 IST" duration-ms="30952">
    <groups>
      <group name="Master">
        <method signature="TC001_AccountRegistration.verify_account_registration()[pri:0, instance:testCases.TC001_AccountRegistration@909217e]" name="verify_account_registration" class="testCases.TC001_AccountRegistration"/>
        <method signature="TC002_LoginTest.Verify_login()[pri:0, instance:testCases.TC002_LoginTest@7a35b0f5]" name="Verify_login" class="testCases.TC002_LoginTest"/>
        <method signature="TC004_Search.verify_search()[pri:0, instance:testCases.TC004_Search@5e2c3d18]" name="verify_search" class="testCases.TC004_Search"/>
      </group> <!-- Master -->
      <group name="Regression">
        <method signature="TC002_LoginTest.Verify_login()[pri:0, instance:testCases.TC002_LoginTest@7a35b0f5]" name="Verify_login" class="testCases.TC002_LoginTest"/>
        <method signature="TC004_Search.verify_search()[pri:0, instance:testCases.TC004_Search@5e2c3d18]" name="verify_search" class="testCases.TC004_Search"/>
      </group> <!-- Regression -->
      <group name="sanity">
        <method signature="TC001_AccountRegistration.verify_account_registration()[pri:0, instance:testCases.TC001_AccountRegistration@909217e]" name="verify_account_registration" class="testCases.TC001_AccountRegistration"/>
      </group> <!-- sanity -->
    </groups>
    <test started-at="2025-07-15T11:46:05 IST" name="Test" finished-at="2025-07-15T11:46:36 IST" duration-ms="30952">
      <class name="testCases.TC005_AddToCart">
        <test-method is-config="true" signature="setup(java.lang.String,java.lang.String)[pri:0, instance:testCases.TC005_AddToCart@2cb4893b]" started-at="2025-07-15T11:46:27 IST" name="setup" finished-at="2025-07-15T11:46:31 IST" duration-ms="3838" status="PASS">
          <params>
            <param index="0">
              <value>
                <![CDATA[windows]]>
              </value>
            </param>
            <param index="1">
              <value>
                <![CDATA[chrome]]>
              </value>
            </param>
          </params>
          <reporter-output>
          </reporter-output>
        </test-method> <!-- setup -->
        <test-method signature="verify_Addtocart()[pri:0, instance:testCases.TC005_AddToCart@2cb4893b]" started-at="2025-07-15T11:46:31 IST" name="verify_Addtocart" finished-at="2025-07-15T11:46:35 IST" duration-ms="4410" status="PASS">
          <reporter-output>
          </reporter-output>
        </test-method> <!-- verify_Addtocart -->
        <test-method is-config="true" signature="tearDown()[pri:0, instance:testCases.TC005_AddToCart@2cb4893b]" started-at="2025-07-15T11:46:35 IST" name="tearDown" finished-at="2025-07-15T11:46:36 IST" duration-ms="333" status="PASS">
          <reporter-output>
          </reporter-output>
        </test-method> <!-- tearDown -->
      </class> <!-- testCases.TC005_AddToCart -->
      <class name="testCases.TC002_LoginTest">
        <test-method is-config="true" signature="setup(java.lang.String,java.lang.String)[pri:0, instance:testCases.TC002_LoginTest@7a35b0f5]" started-at="2025-07-15T11:46:15 IST" name="setup" finished-at="2025-07-15T11:46:18 IST" duration-ms="2926" status="PASS">
          <params>
            <param index="0">
              <value>
                <![CDATA[windows]]>
              </value>
            </param>
            <param index="1">
              <value>
                <![CDATA[chrome]]>
              </value>
            </param>
          </params>
          <reporter-output>
          </reporter-output>
        </test-method> <!-- setup -->
        <test-method signature="Verify_login()[pri:0, instance:testCases.TC002_LoginTest@7a35b0f5]" started-at="2025-07-15T11:46:18 IST" name="Verify_login" finished-at="2025-07-15T11:46:20 IST" duration-ms="1800" status="PASS">
          <reporter-output>
          </reporter-output>
        </test-method> <!-- Verify_login -->
        <test-method is-config="true" signature="tearDown()[pri:0, instance:testCases.TC002_LoginTest@7a35b0f5]" started-at="2025-07-15T11:46:20 IST" name="tearDown" finished-at="2025-07-15T11:46:20 IST" duration-ms="305" status="PASS">
          <reporter-output>
          </reporter-output>
        </test-method> <!-- tearDown -->
      </class> <!-- testCases.TC002_LoginTest -->
      <class name="testCases.TC001_AccountRegistration">
        <test-method is-config="true" signature="setup(java.lang.String,java.lang.String)[pri:0, instance:testCases.TC001_AccountRegistration@909217e]" started-at="2025-07-15T11:46:05 IST" name="setup" finished-at="2025-07-15T11:46:12 IST" duration-ms="6540" status="PASS">
          <params>
            <param index="0">
              <value>
                <![CDATA[windows]]>
              </value>
            </param>
            <param index="1">
              <value>
                <![CDATA[chrome]]>
              </value>
            </param>
          </params>
          <reporter-output>
          </reporter-output>
        </test-method> <!-- setup -->
        <test-method signature="verify_account_registration()[pri:0, instance:testCases.TC001_AccountRegistration@909217e]" started-at="2025-07-15T11:46:12 IST" name="verify_account_registration" finished-at="2025-07-15T11:46:14 IST" duration-ms="2795" status="PASS">
          <reporter-output>
          </reporter-output>
        </test-method> <!-- verify_account_registration -->
        <test-method is-config="true" signature="tearDown()[pri:0, instance:testCases.TC001_AccountRegistration@909217e]" started-at="2025-07-15T11:46:14 IST" name="tearDown" finished-at="2025-07-15T11:46:15 IST" duration-ms="657" status="PASS">
          <reporter-output>
          </reporter-output>
        </test-method> <!-- tearDown -->
      </class> <!-- testCases.TC001_AccountRegistration -->
      <class name="testCases.TC004_Search">
        <test-method is-config="true" signature="setup(java.lang.String,java.lang.String)[pri:0, instance:testCases.TC004_Search@5e2c3d18]" started-at="2025-07-15T11:46:20 IST" name="setup" finished-at="2025-07-15T11:46:23 IST" duration-ms="2494" status="PASS">
          <params>
            <param index="0">
              <value>
                <![CDATA[windows]]>
              </value>
            </param>
            <param index="1">
              <value>
                <![CDATA[chrome]]>
              </value>
            </param>
          </params>
          <reporter-output>
          </reporter-output>
        </test-method> <!-- setup -->
        <test-method signature="verify_search()[pri:0, instance:testCases.TC004_Search@5e2c3d18]" started-at="2025-07-15T11:46:23 IST" name="verify_search" finished-at="2025-07-15T11:46:27 IST" duration-ms="3969" status="PASS">
          <reporter-output>
          </reporter-output>
        </test-method> <!-- verify_search -->
        <test-method is-config="true" signature="tearDown()[pri:0, instance:testCases.TC004_Search@5e2c3d18]" started-at="2025-07-15T11:46:27 IST" name="tearDown" finished-at="2025-07-15T11:46:27 IST" duration-ms="387" status="PASS">
          <reporter-output>
          </reporter-output>
        </test-method> <!-- tearDown -->
      </class> <!-- testCases.TC004_Search -->
    </test> <!-- Test -->
  </suite> <!-- MasterSuite -->
</testng-results>
