<?xml version="1.0" encoding="UTF-8"?>
<!-- Generated by org.testng.reporters.JUnitXMLReporter -->
<testsuite ignored="0" hostname="Akash" failures="0" tests="3" name="Test" time="30.304" errors="0" timestamp="2025-07-14T17:38:50 IST">
  <testcase classname="testCases.TC001_AccountRegistration" name="verify_account_registration" time="2.337"/>
  <testcase classname="testCases.TC002_LoginTest" name="Verify_login" time="1.591"/>
  <testcase classname="testCases.TC004_Search" name="verify_search" time="3.769"/>
</testsuite> <!-- Test -->
