<?xml version="1.0" encoding="UTF-8"?>
<!-- Generated by org.testng.reporters.JUnitXMLReporter -->
<testsuite ignored="0" hostname="Akash" failures="0" tests="4" name="Test" time="30.952" errors="0" timestamp="2025-07-15T11:46:39 IST">
  <testcase classname="testCases.TC001_AccountRegistration" name="verify_account_registration" time="2.795"/>
  <testcase classname="testCases.TC002_LoginTest" name="Verify_login" time="1.8"/>
  <testcase classname="testCases.TC004_Search" name="verify_search" time="3.969"/>
  <testcase classname="testCases.TC005_AddToCart" name="verify_Addtocart" time="4.41"/>
</testsuite> <!-- Test -->
